<?xml version="1.0" encoding="UTF-8"?>
<testng-results ignored="0" total="2" passed="2" failed="0" skipped="0">
  <reporter-output>
  </reporter-output>
  <suite started-at="2023-02-12T19:44:39 IST" name="ParallelTesting" finished-at="2023-02-12T19:45:21 IST" duration-ms="41799">
    <groups>
    </groups>
    <test started-at="2023-02-12T19:44:39 IST" name="test" finished-at="2023-02-12T19:45:21 IST" duration-ms="41799">
      <class name="testCases.TC_001_LoginTest">
        <test-method is-config="true" signature="setup(java.lang.String)[pri:0, instance:testCases.TC_001_LoginTest@74a6a609]" started-at="2023-02-12T19:44:39 IST" name="setup" finished-at="2023-02-12T19:44:53 IST" duration-ms="13393" status="PASS">
          <params>
            <param index="0">
              <value>
                <![CDATA[chrome]]>
              </value>
            </param>
          </params>
          <reporter-output>
          </reporter-output>
        </test-method> <!-- setup -->
        <test-method signature="successful_Login()[pri:1, instance:testCases.TC_001_LoginTest@74a6a609]" started-at="2023-02-12T19:44:53 IST" name="successful_Login" finished-at="2023-02-12T19:45:13 IST" duration-ms="20809" status="PASS">
          <reporter-output>
          </reporter-output>
        </test-method> <!-- successful_Login -->
        <test-method is-config="true" signature="teardown()[pri:0, instance:testCases.TC_001_LoginTest@74a6a609]" started-at="2023-02-12T19:45:13 IST" name="teardown" finished-at="2023-02-12T19:45:14 IST" duration-ms="193" status="PASS">
          <reporter-output>
          </reporter-output>
        </test-method> <!-- teardown -->
        <test-method is-config="true" signature="screenShot(org.testng.ITestResult)[pri:0, instance:testCases.TC_001_LoginTest@74a6a609]" started-at="2023-02-12T19:45:13 IST" name="screenShot" finished-at="2023-02-12T19:45:13 IST" duration-ms="0" status="PASS">
          <params>
            <param index="0">
              <value>
                <![CDATA[[TestResult name=successful_Login status=SUCCESS method=TC_001_LoginTest.successful_Login()[pri:1, instance:testCases.TC_001_LoginTest@74a6a609] output={null}]]]>
              </value>
            </param>
          </params>
          <reporter-output>
          </reporter-output>
        </test-method> <!-- screenShot -->
        <test-method is-config="true" signature="setup(java.lang.String)[pri:0, instance:testCases.TC_001_LoginTest@74a6a609]" started-at="2023-02-12T19:45:14 IST" name="setup" finished-at="2023-02-12T19:45:18 IST" duration-ms="4944" status="PASS">
          <params>
            <param index="0">
              <value>
                <![CDATA[chrome]]>
              </value>
            </param>
          </params>
          <reporter-output>
          </reporter-output>
        </test-method> <!-- setup -->
        <test-method signature="click_leftmenu()[pri:2, instance:testCases.TC_001_LoginTest@74a6a609]" started-at="2023-02-12T19:45:18 IST" name="click_leftmenu" finished-at="2023-02-12T19:45:21 IST" duration-ms="2213" status="PASS">
          <reporter-output>
          </reporter-output>
        </test-method> <!-- click_leftmenu -->
        <test-method is-config="true" signature="screenShot(org.testng.ITestResult)[pri:0, instance:testCases.TC_001_LoginTest@74a6a609]" started-at="2023-02-12T19:45:21 IST" name="screenShot" finished-at="2023-02-12T19:45:21 IST" duration-ms="1" status="PASS">
          <params>
            <param index="0">
              <value>
                <![CDATA[[TestResult name=click_leftmenu status=SUCCESS method=TC_001_LoginTest.click_leftmenu()[pri:2, instance:testCases.TC_001_LoginTest@74a6a609] output={null}]]]>
              </value>
            </param>
          </params>
          <reporter-output>
          </reporter-output>
        </test-method> <!-- screenShot -->
        <test-method is-config="true" signature="teardown()[pri:0, instance:testCases.TC_001_LoginTest@74a6a609]" started-at="2023-02-12T19:45:21 IST" name="teardown" finished-at="2023-02-12T19:45:21 IST" duration-ms="189" status="PASS">
          <reporter-output>
          </reporter-output>
        </test-method> <!-- teardown -->
      </class> <!-- testCases.TC_001_LoginTest -->
    </test> <!-- test -->
  </suite> <!-- ParallelTesting -->
</testng-results>
