<?xml version="1.0" encoding="UTF-8"?>
<testng-results ignored="0" total="1" passed="1" failed="0" skipped="0">
  <reporter-output>
  </reporter-output>
  <suite started-at="2023-01-27T10:10:38 IST" name="Default suite" finished-at="2023-01-27T10:11:50 IST" duration-ms="72664">
    <groups>
    </groups>
    <test started-at="2023-01-27T10:10:38 IST" name="Default test" finished-at="2023-01-27T10:11:50 IST" duration-ms="72664">
      <class name="testCases.TC_001_LoginTest">
        <test-method is-config="true" signature="setup()[pri:0, instance:testCases.TC_001_LoginTest@5644dc81]" started-at="2023-01-27T10:10:38 IST" name="setup" finished-at="2023-01-27T10:11:29 IST" duration-ms="51037" status="PASS">
          <reporter-output>
          </reporter-output>
        </test-method> <!-- setup -->
        <test-method signature="successful_Login()[pri:0, instance:testCases.TC_001_LoginTest@5644dc81]" started-at="2023-01-27T10:11:29 IST" name="successful_Login" finished-at="2023-01-27T10:11:50 IST" duration-ms="21007" status="PASS">
          <reporter-output>
          </reporter-output>
        </test-method> <!-- successful_Login -->
        <test-method is-config="true" signature="teardown()[pri:0, instance:testCases.TC_001_LoginTest@5644dc81]" started-at="2023-01-27T10:11:50 IST" name="teardown" finished-at="2023-01-27T10:11:50 IST" duration-ms="569" status="PASS">
          <reporter-output>
          </reporter-output>
        </test-method> <!-- teardown -->
      </class> <!-- testCases.TC_001_LoginTest -->
    </test> <!-- Default test -->
  </suite> <!-- Default suite -->
</testng-results>
